[10:29:07 INF] [UpstoxTrader.Infrastructure.Auth.TokenService] Opening browser for Upstox OAuth...
[10:29:07 INF] [UpstoxTrader.Infrastructure.Auth.TokenService] Auth URL: "https://api.upstox.com/v2/login/authorization/dialog?client_id=4079debc-1d42-4877-98e5-ed80ba023a7f&redirect_uri=http%3A%2F%2Flocalhost%3A5000%2Fcallback&response_type=code&scope=orders,portfolio,feed,user"
[10:29:07 INF] [UpstoxTrader.Infrastructure.Auth.TokenService] Waiting for OAuth callback on http://localhost:5000/auth/callback ...
[10:29:17 INF] [UpstoxTrader.Infrastructure.Auth.TokenService] Access token obtained — ready to trade
[10:29:17 INF] [UpstoxTrader.Worker.Workers.MarketDataWorker] MarketDataWorker starting — waiting for token...
[10:29:17 INF] [UpstoxTrader.Worker.Workers.MarketDataWorker] Token available — connecting to market feed
[10:29:17 INF] [UpstoxTrader.Worker.Workers.BreakoutWorker] BreakoutWorker started
[10:29:17 INF] [UpstoxTrader.Worker.Workers.PositionMonitorWorker] PositionMonitorWorker started
[10:29:17 INF] [UpstoxTrader.Worker.Workers.DailyResetWorker] DailyResetWorker started
[10:29:17 INF] [UpstoxTrader.Worker.Workers.DailyResetWorker] Next daily reset in 1364.7 minutes
[10:29:18 INF] [UpstoxTrader.Infrastructure.WebSocket.UpstoxWebSocketClient] WebSocket connected (attempt 1)
[10:29:18 INF] [UpstoxTrader.Infrastructure.WebSocket.UpstoxWebSocketClient] Subscribed to "NSE_INDEX|Nifty 50"
[10:30:15 INF] [UpstoxTrader.Infrastructure.Auth.TokenService] Opening browser for Upstox OAuth...
[10:30:15 INF] [UpstoxTrader.Infrastructure.Auth.TokenService] Auth URL: "https://api.upstox.com/v2/login/authorization/dialog?client_id=4079debc-1d42-4877-98e5-ed80ba023a7f&redirect_uri=http%3A%2F%2Flocalhost%3A5000%2Fcallback&response_type=code&scope=orders,portfolio,feed,user"
[10:30:16 INF] [UpstoxTrader.Infrastructure.Auth.TokenService] Waiting for OAuth callback on http://localhost:5000/auth/callback ...
[10:31:46 INF] [UpstoxTrader.Infrastructure.Auth.TokenService] Access token obtained — ready to trade
[10:31:46 INF] [UpstoxTrader.Worker.Workers.MarketDataWorker] MarketDataWorker starting — waiting for token...
[10:31:46 INF] [UpstoxTrader.Worker.Workers.MarketDataWorker] Token available — connecting to market feed
[10:31:46 INF] [UpstoxTrader.Worker.Workers.BreakoutWorker] BreakoutWorker started
[10:31:46 INF] [UpstoxTrader.Worker.Workers.PositionMonitorWorker] PositionMonitorWorker started
[10:31:47 INF] [UpstoxTrader.Worker.Workers.DailyResetWorker] DailyResetWorker started
[10:31:47 INF] [UpstoxTrader.Worker.Workers.DailyResetWorker] Next daily reset in 1362.2 minutes
[10:31:47 INF] [UpstoxTrader.Infrastructure.WebSocket.UpstoxWebSocketClient] WebSocket connected (attempt 1)
[10:31:47 INF] [UpstoxTrader.Infrastructure.WebSocket.UpstoxWebSocketClient] Subscribed to "NSE_INDEX|Nifty 50"
